Arguments: 
  /usr/local/bin/node /usr/local/bin/yarn add reques-promise-native

PATH: 
  //anaconda3/bin://anaconda3/condabin:/anaconda2/bin:/usr/local/lib/node_modules:Users/conankevin/anaconda3/bin:/usr/local/bin:/usr/local/bin:/usr/bin:/bin:/usr/sbin:/sbin:/usr/local/go/bin:/Applications/Wireshark.app/Contents/MacOS:/Users/conankevin/go/bin:/usr/local/mongodb/bin:/Users/conankevin/flutter/bin:/Users/conankevin/Library/Android/sdk/tools:/Users/conankevin/Library/Android/sdk/platform-tools:/usr/local/mysql/bin:/Library/Java/JavaVirtualMachines/jdk1.8.0_161.jdk/Contents/Home/bin:/usr/local/mongodb/bin:/Users/conankevin/flutter/bin:/Users/conankevin/Library/Android/sdk/tools:/Users/conankevin/Library/Android/sdk/platform-tools:/usr/local/mysql/bin:/Library/Java/JavaVirtualMachines/jdk1.8.0_161.jdk/Contents/Home/bin:/Users/conankevin/anaconda3/bin:/Users/conankevin/flutter/bin:/usr/local/apache-maven-3.3.9/bin

Yarn version: 
  1.13.0

Node version: 
  10.16.2

Platform: 
  darwin x64

Trace: 
  Error: https://registry.npmjs.org/reques-promise-native: Not found
      at Request.params.callback [as _callback] (/usr/local/lib/node_modules/yarn/lib/cli.js:66255:18)
      at Request.self.callback (/usr/local/lib/node_modules/yarn/lib/cli.js:129397:22)
      at Request.emit (events.js:198:13)
      at Request.<anonymous> (/usr/local/lib/node_modules/yarn/lib/cli.js:130369:10)
      at Request.emit (events.js:198:13)
      at IncomingMessage.<anonymous> (/usr/local/lib/node_modules/yarn/lib/cli.js:130291:12)
      at Object.onceWrapper (events.js:286:20)
      at IncomingMessage.emit (events.js:203:15)
      at endReadableNT (_stream_readable.js:1145:12)
      at process._tickCallback (internal/process/next_tick.js:63:19)

npm manifest: 
  {
    "name": "tiktok_parser",
    "version": "1.0.0",
    "description": "",
    "main": "index.js",
    "scripts": {
      "start": "node app.js"
    },
    "keywords": [],
    "author": "",
    "license": "ISC",
    "dependencies": {
      "request-promise-native": "^1.0.8"
    }
  }

yarn manifest: 
  No manifest

Lockfile: 
  # THIS IS AN AUTOGENERATED FILE. DO NOT EDIT THIS FILE DIRECTLY.
  # yarn lockfile v1
  
  
  lodash@^4.17.15:
    version "4.17.15"
    resolved "https://registry.npmjs.org/lodash/-/lodash-4.17.15.tgz#b447f6670a0455bbfeedd11392eff330ea097548"
    integrity sha512-8xOcRHvCjnocdS5cpwXQXVzmmh5e5+saE2QGoeQmbKmRS6J3VQppPOIt0MnmE+4xlZoumy0GPG0D0MVIQbNA1A==
  
  psl@^1.1.28:
    version "1.7.0"
    resolved "https://registry.npmjs.org/psl/-/psl-1.7.0.tgz#f1c4c47a8ef97167dea5d6bbf4816d736e884a3c"
    integrity sha512-5NsSEDv8zY70ScRnOTn7bK7eanl2MvFrOrS/R6x+dBt5g1ghnj9Zv90kO8GwT8gxcu2ANyFprnFYB85IogIJOQ==
  
  punycode@^2.1.1:
    version "2.1.1"
    resolved "https://registry.npmjs.org/punycode/-/punycode-2.1.1.tgz#b58b010ac40c22c5657616c8d2c2c02c7bf479ec"
    integrity sha512-XRsRjdf+j5ml+y/6GKHPZbrF/8p2Yga0JPtdqTIY2Xe5ohJPD9saDJJLPvp9+NSBprVvevdXZybnj2cv8OEd0A==
  
  request-promise-core@1.1.3:
    version "1.1.3"
    resolved "https://registry.npmjs.org/request-promise-core/-/request-promise-core-1.1.3.tgz#e9a3c081b51380dfea677336061fea879a829ee9"
    integrity sha512-QIs2+ArIGQVp5ZYbWD5ZLCY29D5CfWizP8eWnm8FoGD1TX61veauETVQbrV60662V0oFBkrDOuaBI8XgtuyYAQ==
    dependencies:
      lodash "^4.17.15"
  
  request-promise-native@^1.0.8:
    version "1.0.8"
    resolved "https://registry.npmjs.org/request-promise-native/-/request-promise-native-1.0.8.tgz#a455b960b826e44e2bf8999af64dff2bfe58cb36"
    integrity sha512-dapwLGqkHtwL5AEbfenuzjTYg35Jd6KPytsC2/TLkVMz8rm+tNt72MGUWT1RP/aYawMpN6HqbNGBQaRcBtjQMQ==
    dependencies:
      request-promise-core "1.1.3"
      stealthy-require "^1.1.1"
      tough-cookie "^2.3.3"
  
  stealthy-require@^1.1.1:
    version "1.1.1"
    resolved "https://registry.npmjs.org/stealthy-require/-/stealthy-require-1.1.1.tgz#35b09875b4ff49f26a777e509b3090a3226bf24b"
    integrity sha1-NbCYdbT/SfJqd35QmzCQoyJr8ks=
  
  tough-cookie@^2.3.3:
    version "2.5.0"
    resolved "https://registry.npmjs.org/tough-cookie/-/tough-cookie-2.5.0.tgz#cd9fb2a0aa1d5a12b473bd9fb96fa3dcff65ade2"
    integrity sha512-nlLsUzgm1kfLXSXfRZMc1KLAugd4hqJHDTvc2hDIwS3mZAfMEuMbc03SujMF+GEcpaX/qboeycw6iO8JwVv2+g==
    dependencies:
      psl "^1.1.28"
      punycode "^2.1.1"
